Arguments: 
  /usr/bin/nodejs /usr/bin/yarn add bootstrap-fileinput

PATH: 
  /home/sergei/.composer/vendor/bin:/usr/local/sbin:/usr/local/bin:/usr/sbin:/usr/bin:/sbin:/bin:/usr/games:/usr/local/games:/snap/bin

Yarn version: 
  0.15.1

Node version: 
  4.2.6

Platform: 
  linux x64

npm manifest: 
  {
    "name": "simple_mvc",
    "version": "0.0.1",
    "main": "index.js",
    "license": "MIT",
    "dependencies": {
      "bootstrap": "^3.3.7",
      "jquery": "^3.1.1",
      "moment": "^2.16.0"
    }
  }

yarn manifest: 
  No manifest

bower manifest: 
  No manifest

Lockfile: 
  # THIS IS AN AUTOGENERATED FILE. DO NOT EDIT THIS FILE DIRECTLY.
  # yarn lockfile v1
  bootstrap:
    version "3.3.7"
    resolved "https://registry.yarnpkg.com/bootstrap/-/bootstrap-3.3.7.tgz#5a389394549f23330875a3b150656574f8a9eb71"
  
  jquery:
    version "3.1.1"
    resolved "https://registry.yarnpkg.com/jquery/-/jquery-3.1.1.tgz#347c1c21c7e004115e0a4da32cece041fad3c8a3"
  
  moment:
    version "2.16.0"
    resolved "https://registry.yarnpkg.com/moment/-/moment-2.16.0.tgz#f38f2c97c9889b0ee18fc6cc392e1e443ad2da8e"

Trace: 
  Error: EACCES: permission denied, unlink '/var/www/nginx-sites/simple_mvc/node_modules/.yarn-integrity'
      at Error (native)
